<?xml version="1.0" encoding="UTF-8"?>
<testng-results ignored="0" total="1" passed="1" failed="0" skipped="0">
  <reporter-output>
  </reporter-output>
  <suite started-at="2024-03-12T15:46:43 EET" name="Default suite" finished-at="2024-03-12T15:46:47 EET" duration-ms="4109">
    <groups>
    </groups>
    <test started-at="2024-03-12T15:46:43 EET" name="Default test" finished-at="2024-03-12T15:46:47 EET" duration-ms="4109">
      <class name="Tests.UnSuccessfullLoginAttempt">
        <test-method is-config="true" signature="startDrivere()[pri:0, instance:Tests.UnSuccessfullLoginAttempt@28f3b248]" started-at="2024-03-12T15:46:32 EET" name="startDrivere" finished-at="2024-03-12T15:46:43 EET" duration-ms="10348" status="PASS">
          <reporter-output>
          </reporter-output>
        </test-method> <!-- startDrivere -->
        <test-method signature="TestUnSuccessfullLogin()[pri:0, instance:Tests.UnSuccessfullLoginAttempt@28f3b248]" started-at="2024-03-12T15:46:43 EET" name="TestUnSuccessfullLogin" finished-at="2024-03-12T15:46:47 EET" duration-ms="4042" status="PASS">
          <reporter-output>
          </reporter-output>
        </test-method> <!-- TestUnSuccessfullLogin -->
      </class> <!-- Tests.UnSuccessfullLoginAttempt -->
    </test> <!-- Default test -->
  </suite> <!-- Default suite -->
</testng-results>
